Build started 5/20/2016 18:43:31.
     1>Project "D:\openServer\html\MathService\MathService\MathService.vcxproj" on node 2 (build target(s)).
     1>PrepareForBuild:
         Creating directory "D:\openServer\html\MathService\Release\".
       InitializeBuildStatus:
         Creating "Release\MathService.unsuccessfulbuild" because "AlwaysCreate" was specified.
       ClCompile:
         C:\Program Files\Microsoft Visual Studio 10.0\VC\bin\CL.exe /c /Zi /nologo /W3 /WX- /O2 /Oi /Oy- /GL /D WIN32 /D NDEBUG /D _CONSOLE /D _UNICODE /D UNICODE /Gm- /EHsc /MTd /GS /Gy /fp:precise /Zc:wchar_t /Zc:forScope /Fo"Release\\" /Fd"Release\vc100.pdb" /Gd /TP /analyze- /errorReport:prompt Differentiate.cpp Expression.cpp Integrate.cpp LatexParser.cpp main.cpp
         Differentiate.cpp
         Expression.cpp
         Integrate.cpp
         LatexParser.cpp
         main.cpp
       Link:
         C:\Program Files\Microsoft Visual Studio 10.0\VC\bin\link.exe /ERRORREPORT:PROMPT /OUT:"D:\openServer\html\MathService\Release\MathService.exe" /INCREMENTAL:NO /NOLOGO kernel32.lib user32.lib gdi32.lib winspool.lib comdlg32.lib advapi32.lib shell32.lib ole32.lib oleaut32.lib uuid.lib odbc32.lib odbccp32.lib /MANIFEST /ManifestFile:"Release\MathService.exe.intermediate.manifest" /MANIFESTUAC:"level='asInvoker' uiAccess='false'" /DEBUG /PDB:"D:\openServer\html\MathService\Release\MathService.pdb" /SUBSYSTEM:CONSOLE /OPT:REF /OPT:ICF /LTCG /TLBID:1 /DYNAMICBASE /NXCOMPAT /IMPLIB:"D:\openServer\html\MathService\Release\MathService.lib" /MACHINE:X86 Release\Differentiate.obj
         Release\Expression.obj
         Release\Integrate.obj
         Release\LatexParser.obj
         Release\main.obj
         Generating code
         Finished generating code
         MathService.vcxproj -> D:\openServer\html\MathService\Release\MathService.exe
       Manifest:
         C:\Program Files\Microsoft Visual Studio 10.0\VC\bin\mt.exe /nologo /verbose /outputresource:"D:\openServer\html\MathService\Release\MathService.exe;#1" /manifest Release\MathService.exe.intermediate.manifest
       FinalizeBuildStatus:
         Deleting file "Release\MathService.unsuccessfulbuild".
         Touching "Release\MathService.lastbuildstate".
     1>Done Building Project "D:\openServer\html\MathService\MathService\MathService.vcxproj" (build target(s)).

Build succeeded.

Time Elapsed 00:00:10.14
