D:\OPENSERV\OPENSERVER\DOMAINS\MATH\CPP_PROJECT\MATHSERVICE\MATHSERVICE\DEBUG\DIFFERENTIATE.OBJ
D:\OPENSERV\OPENSERVER\DOMAINS\MATH\CPP_PROJECT\MATHSERVICE\MATHSERVICE\DEBUG\EXPRESSION.OBJ
D:\OPENSERV\OPENSERVER\DOMAINS\MATH\CPP_PROJECT\MATHSERVICE\MATHSERVICE\DEBUG\INTEGRATE.OBJ
D:\OPENSERV\OPENSERVER\DOMAINS\MATH\CPP_PROJECT\MATHSERVICE\MATHSERVICE\DEBUG\LATEXPARSER.OBJ
D:\OPENSERV\OPENSERVER\DOMAINS\MATH\CPP_PROJECT\MATHSERVICE\MATHSERVICE\DEBUG\MAIN.OBJ
D:\OPENSERV\OPENSERVER\DOMAINS\MATH\CPP_PROJECT\MATHSERVICE\MATHSERVICE\DEBUG\VC100.PDB
D:\OPENSERV\OPENSERVER\DOMAINS\MATH\CPP_PROJECT\MATHSERVICE\DEBUG\MATHSERVICE.ILK
D:\OPENSERV\OPENSERVER\DOMAINS\MATH\CPP_PROJECT\MATHSERVICE\DEBUG\MATHSERVICE.EXE
D:\OPENSERV\OPENSERVER\DOMAINS\MATH\CPP_PROJECT\MATHSERVICE\MATHSERVICE\DEBUG\MATHSERVICE.EXE.INTERMEDIATE.MANIFEST
D:\OPENSERV\OPENSERVER\DOMAINS\MATH\CPP_PROJECT\MATHSERVICE\DEBUG\MATHSERVICE.PDB
D:\OPENSERV\OPENSERVER\DOMAINS\MATH\CPP_PROJECT\MATHSERVICE\MATHSERVICE\DEBUG\MATHSERVICE.EXE.EMBED.MANIFEST
D:\OPENSERV\OPENSERVER\DOMAINS\MATH\CPP_PROJECT\MATHSERVICE\MATHSERVICE\DEBUG\MATHSERVICE.EXE.EMBED.MANIFEST.RES
D:\openServ\OpenServer\domains\math\cpp_project\MathService\MathService\Debug\Differentiate.obj
D:\openServ\OpenServer\domains\math\cpp_project\MathService\MathService\Debug\Expression.obj
D:\openServ\OpenServer\domains\math\cpp_project\MathService\MathService\Debug\Integrate.obj
D:\openServ\OpenServer\domains\math\cpp_project\MathService\MathService\Debug\LatexParser.obj
D:\openServ\OpenServer\domains\math\cpp_project\MathService\MathService\Debug\main.obj
D:\openServ\OpenServer\domains\math\cpp_project\MathService\MathService\Debug\cl.command.1.tlog
D:\openServ\OpenServer\domains\math\cpp_project\MathService\MathService\Debug\CL.read.1.tlog
D:\openServ\OpenServer\domains\math\cpp_project\MathService\MathService\Debug\CL.write.1.tlog
D:\openServ\OpenServer\domains\math\cpp_project\MathService\MathService\Debug\link-cvtres.read.1.tlog
D:\openServ\OpenServer\domains\math\cpp_project\MathService\MathService\Debug\link-cvtres.write.1.tlog
D:\openServ\OpenServer\domains\math\cpp_project\MathService\MathService\Debug\link.1376-cvtres.read.1.tlog
D:\openServ\OpenServer\domains\math\cpp_project\MathService\MathService\Debug\link.1376-cvtres.write.1.tlog
D:\openServ\OpenServer\domains\math\cpp_project\MathService\MathService\Debug\link.1376.read.1.tlog
D:\openServ\OpenServer\domains\math\cpp_project\MathService\MathService\Debug\link.1376.write.1.tlog
D:\openServ\OpenServer\domains\math\cpp_project\MathService\MathService\Debug\link.1888-cvtres.read.1.tlog
D:\openServ\OpenServer\domains\math\cpp_project\MathService\MathService\Debug\link.1888-cvtres.write.1.tlog
D:\openServ\OpenServer\domains\math\cpp_project\MathService\MathService\Debug\link.1888.read.1.tlog
D:\openServ\OpenServer\domains\math\cpp_project\MathService\MathService\Debug\link.1888.write.1.tlog
D:\openServ\OpenServer\domains\math\cpp_project\MathService\MathService\Debug\link.2888-cvtres.read.1.tlog
D:\openServ\OpenServer\domains\math\cpp_project\MathService\MathService\Debug\link.2888-cvtres.write.1.tlog
D:\openServ\OpenServer\domains\math\cpp_project\MathService\MathService\Debug\link.2888.read.1.tlog
D:\openServ\OpenServer\domains\math\cpp_project\MathService\MathService\Debug\link.2888.write.1.tlog
D:\openServ\OpenServer\domains\math\cpp_project\MathService\MathService\Debug\link.4264-cvtres.read.1.tlog
D:\openServ\OpenServer\domains\math\cpp_project\MathService\MathService\Debug\link.4264-cvtres.write.1.tlog
D:\openServ\OpenServer\domains\math\cpp_project\MathService\MathService\Debug\link.4264.read.1.tlog
D:\openServ\OpenServer\domains\math\cpp_project\MathService\MathService\Debug\link.4264.write.1.tlog
D:\openServ\OpenServer\domains\math\cpp_project\MathService\MathService\Debug\link.command.1.tlog
D:\openServ\OpenServer\domains\math\cpp_project\MathService\MathService\Debug\link.read.1.tlog
D:\openServ\OpenServer\domains\math\cpp_project\MathService\MathService\Debug\link.write.1.tlog
D:\openServ\OpenServer\domains\math\cpp_project\MathService\MathService\Debug\mt.command.1.tlog
D:\openServ\OpenServer\domains\math\cpp_project\MathService\MathService\Debug\mt.read.1.tlog
D:\openServ\OpenServer\domains\math\cpp_project\MathService\MathService\Debug\mt.write.1.tlog
D:\openServ\OpenServer\domains\math\cpp_project\MathService\MathService\Debug\rc.command.1.tlog
D:\openServ\OpenServer\domains\math\cpp_project\MathService\MathService\Debug\rc.read.1.tlog
D:\openServ\OpenServer\domains\math\cpp_project\MathService\MathService\Debug\rc.write.1.tlog
D:\openServ\OpenServer\domains\math\cpp_project\MathService\MathService\Debug\MathService.exe.embed.manifest
D:\openServ\OpenServer\domains\math\cpp_project\MathService\MathService\Debug\MathService.exe.intermediate.manifest
D:\openServ\OpenServer\domains\math\cpp_project\MathService\MathService\Debug\MathService.exe.embed.manifest.res
D:\openServ\OpenServer\domains\math\cpp_project\MathService\MathService\Debug\vc100.idb
D:\openServ\OpenServer\domains\math\cpp_project\MathService\MathService\Debug\vc100.pdb
D:\openServ\OpenServer\domains\math\cpp_project\MathService\MathService\Debug\MathService_manifest.rc
D:\openServ\OpenServer\domains\math\cpp_project\MathService\Debug\MathService.pdb
D:\openServ\OpenServer\domains\math\cpp_project\MathService\Debug\MathService.exe
D:\openServ\OpenServer\domains\math\cpp_project\MathService\Debug\MathService.ilk
