Build started 6/2/2016 0:16:42.
     1>Project "D:\openServ\OpenServer\domains\math\cpp_project\MathService\MathService\MathService.vcxproj" on node 2 (build target(s)).
     1>InitializeBuildStatus:
         Creating "Debug\MathService.unsuccessfulbuild" because "AlwaysCreate" was specified.
       ClCompile:
         C:\Program Files\Microsoft Visual Studio 10.0\VC\bin\CL.exe /c /ZI /nologo /W3 /WX- /Od /Oy- /D WIN32 /D _DEBUG /D _CONSOLE /D _UNICODE /D UNICODE /Gm /EHsc /RTC1 /MDd /GS /fp:precise /Zc:wchar_t /Zc:forScope /Fo"Debug\\" /Fd"Debug\vc100.pdb" /Gd /TP /analyze- /errorReport:prompt LatexParser.cpp main.cpp
         main.cpp
         LatexParser.cpp
         Generating Code...
       ManifestResourceCompile:
         All outputs are up-to-date.
       Link:
         C:\Program Files\Microsoft Visual Studio 10.0\VC\bin\link.exe /ERRORREPORT:PROMPT /OUT:"D:\openServ\OpenServer\domains\math\cpp_project\MathService\Debug\MathService.exe" /INCREMENTAL /NOLOGO kernel32.lib user32.lib gdi32.lib winspool.lib comdlg32.lib advapi32.lib shell32.lib ole32.lib oleaut32.lib uuid.lib odbc32.lib odbccp32.lib /MANIFEST /ManifestFile:"Debug\MathService.exe.intermediate.manifest" /MANIFESTUAC:"level='asInvoker' uiAccess='false'" /DEBUG /PDB:"D:\openServ\OpenServer\domains\math\cpp_project\MathService\Debug\MathService.pdb" /SUBSYSTEM:CONSOLE /TLBID:1 /DYNAMICBASE /NXCOMPAT /IMPLIB:"D:\openServ\OpenServer\domains\math\cpp_project\MathService\Debug\MathService.lib" /MACHINE:X86 Debug\MathService.exe.embed.manifest.res
         Debug\Differentiate.obj
         Debug\Expression.obj
         Debug\Integrate.obj
         Debug\LatexParser.obj
         Debug\main.obj
       Manifest:
         C:\Program Files\Microsoft Visual Studio 10.0\VC\bin\mt.exe /nologo /verbose /out:"Debug\MathService.exe.embed.manifest" /manifest Debug\MathService.exe.intermediate.manifest
         All outputs are up-to-date.
       LinkEmbedManifest:
         All outputs are up-to-date.
         MathService.vcxproj -> D:\openServ\OpenServer\domains\math\cpp_project\MathService\Debug\MathService.exe
       FinalizeBuildStatus:
         Deleting file "Debug\MathService.unsuccessfulbuild".
         Touching "Debug\MathService.lastbuildstate".
     1>Done Building Project "D:\openServ\OpenServer\domains\math\cpp_project\MathService\MathService\MathService.vcxproj" (build target(s)).

Build succeeded.

Time Elapsed 00:00:03.49
